[debug] [2024-11-23T06:54:49.009Z] ----------------------------------------------------------------------
[debug] [2024-11-23T06:54:49.013Z] Command:       C:\Program Files\nodejs\node.exe C:\Users\aman dubey\AppData\Roaming\npm\node_modules\firebase-tools\lib\bin\firebase.js init functions
[debug] [2024-11-23T06:54:49.013Z] CLI Version:   13.25.0
[debug] [2024-11-23T06:54:49.013Z] Platform:      win32
[debug] [2024-11-23T06:54:49.013Z] Node Version:  v20.17.0
[debug] [2024-11-23T06:54:49.013Z] Time:          Sat Nov 23 2024 12:24:49 GMT+0530 (India Standard Time)
[debug] [2024-11-23T06:54:49.013Z] ----------------------------------------------------------------------
[debug] 
[debug] [2024-11-23T06:54:49.078Z] > command requires scopes: ["email","openid","https://www.googleapis.com/auth/cloudplatformprojects.readonly","https://www.googleapis.com/auth/firebase","https://www.googleapis.com/auth/cloud-platform"]
[debug] [2024-11-23T06:54:49.078Z] > authorizing via signed-in user (amanheller8833@gmail.com)
[info] 
     ######## #### ########  ######## ########     ###     ######  ########
     ##        ##  ##     ## ##       ##     ##  ##   ##  ##       ##
     ######    ##  ########  ######   ########  #########  ######  ######
     ##        ##  ##    ##  ##       ##     ## ##     ##       ## ##
     ##       #### ##     ## ######## ########  ##     ##  ######  ########

You're about to initialize a Firebase project in this directory:

  C:\Users\aman dubey\OneDrive\Documents\Xtern\Xtern

Before we get started, keep in mind:

  * You are initializing within an existing Firebase project directory

[info] 
=== Project Setup
[info] 
[info] First, let's associate this project directory with a Firebase project.
[info] You can create multiple project aliases by running firebase use --add, 
[info] but for now we'll just set up a default project.
[info] 
[debug] [2024-11-23T06:55:26.137Z] Checked if tokens are valid: true, expires at: 1732348464367
[debug] [2024-11-23T06:55:26.137Z] Checked if tokens are valid: true, expires at: 1732348464367
[debug] [2024-11-23T06:55:26.140Z] >>> [apiv2][query] GET https://firebase.googleapis.com/v1beta1/projects pageSize=100
[debug] [2024-11-23T06:55:27.069Z] <<< [apiv2][status] GET https://firebase.googleapis.com/v1beta1/projects 200
[debug] [2024-11-23T06:55:27.069Z] <<< [apiv2][body] GET https://firebase.googleapis.com/v1beta1/projects [omitted]
[info] i  Using project startup-a54cf (Startup) 
[info] 
=== Functions Setup
[debug] [2024-11-23T06:55:41.234Z] > command requires scopes: ["email","openid","https://www.googleapis.com/auth/cloudplatformprojects.readonly","https://www.googleapis.com/auth/firebase","https://www.googleapis.com/auth/cloud-platform"]
[debug] [2024-11-23T06:55:41.234Z] > authorizing via signed-in user (amanheller8833@gmail.com)
[debug] [2024-11-23T06:55:41.234Z] [iam] checking project startup-a54cf for permissions ["firebase.projects.get"]
[debug] [2024-11-23T06:55:41.234Z] Checked if tokens are valid: true, expires at: 1732348464367
[debug] [2024-11-23T06:55:41.235Z] Checked if tokens are valid: true, expires at: 1732348464367
[debug] [2024-11-23T06:55:41.235Z] >>> [apiv2][query] POST https://cloudresourcemanager.googleapis.com/v1/projects/startup-a54cf:testIamPermissions [none]
[debug] [2024-11-23T06:55:41.235Z] >>> [apiv2][(partial)header] POST https://cloudresourcemanager.googleapis.com/v1/projects/startup-a54cf:testIamPermissions x-goog-quota-user=projects/startup-a54cf
[debug] [2024-11-23T06:55:41.235Z] >>> [apiv2][body] POST https://cloudresourcemanager.googleapis.com/v1/projects/startup-a54cf:testIamPermissions {"permissions":["firebase.projects.get"]}
[debug] [2024-11-23T06:55:43.006Z] <<< [apiv2][status] POST https://cloudresourcemanager.googleapis.com/v1/projects/startup-a54cf:testIamPermissions 200
[debug] [2024-11-23T06:55:43.006Z] <<< [apiv2][body] POST https://cloudresourcemanager.googleapis.com/v1/projects/startup-a54cf:testIamPermissions {"permissions":["firebase.projects.get"]}
[debug] [2024-11-23T06:55:43.007Z] Checked if tokens are valid: true, expires at: 1732348464367
[debug] [2024-11-23T06:55:43.007Z] Checked if tokens are valid: true, expires at: 1732348464367
[debug] [2024-11-23T06:55:43.008Z] Checked if tokens are valid: true, expires at: 1732348464367
[debug] [2024-11-23T06:55:43.008Z] Checked if tokens are valid: true, expires at: 1732348464367
[debug] [2024-11-23T06:55:43.008Z] >>> [apiv2][query] GET https://serviceusage.googleapis.com/v1/projects/startup-a54cf/services/cloudfunctions.googleapis.com [none]
[debug] [2024-11-23T06:55:43.008Z] >>> [apiv2][(partial)header] GET https://serviceusage.googleapis.com/v1/projects/startup-a54cf/services/cloudfunctions.googleapis.com x-goog-quota-user=projects/startup-a54cf
[debug] [2024-11-23T06:55:43.012Z] >>> [apiv2][query] GET https://serviceusage.googleapis.com/v1/projects/startup-a54cf/services/runtimeconfig.googleapis.com [none]
[debug] [2024-11-23T06:55:43.012Z] >>> [apiv2][(partial)header] GET https://serviceusage.googleapis.com/v1/projects/startup-a54cf/services/runtimeconfig.googleapis.com x-goog-quota-user=projects/startup-a54cf
[debug] [2024-11-23T06:55:45.079Z] <<< [apiv2][status] GET https://serviceusage.googleapis.com/v1/projects/startup-a54cf/services/runtimeconfig.googleapis.com 200
[debug] [2024-11-23T06:55:45.079Z] <<< [apiv2][body] GET https://serviceusage.googleapis.com/v1/projects/startup-a54cf/services/runtimeconfig.googleapis.com [omitted]
[debug] [2024-11-23T06:55:45.199Z] <<< [apiv2][status] GET https://serviceusage.googleapis.com/v1/projects/startup-a54cf/services/cloudfunctions.googleapis.com 200
[debug] [2024-11-23T06:55:45.199Z] <<< [apiv2][body] GET https://serviceusage.googleapis.com/v1/projects/startup-a54cf/services/cloudfunctions.googleapis.com [omitted]
[info] 
Detected existing codebase(s): default

